<?xml version="1.0" encoding="UTF-8"?>
<!-- Generated by org.testng.reporters.JUnitXMLReporter -->
<testsuite hostname="Paulie.local" ignored="0" name="Regression Testing" tests="4" failures="0" timestamp="20 Aug 2017 16:53:22 GMT" time="0.089" errors="0">
  <testcase name="mytesttwo" time="0.01" classname="com.testng.jenkins.test1.test1"/>
  <testcase name="mytesttwo" time="0.002" classname="com.testng.jenkins.test1.test2"/>
  <testcase name="mytestone" time="0.009" classname="com.testng.jenkins.test1.test1"/>
  <testcase name="mytestone" time="0.002" classname="com.testng.jenkins.test1.test2"/>
</testsuite> <!-- Regression Testing -->
