<?xml version="1.0" encoding="UTF-8"?>
<!-- Generated by org.testng.reporters.JUnitXMLReporter -->
<testsuite hostname="Paulie.home" ignored="0" name="Regression Testing" tests="4" failures="0" timestamp="16 Aug 2017 00:28:14 GMT" time="0.115" errors="0">
  <testcase name="mytesttwo" time="0.009" classname="com.testng.jenkins.test1.test1"/>
  <testcase name="mytesttwo" time="0.006" classname="com.testng.jenkins.test1.test2"/>
  <testcase name="mytestone" time="0.008" classname="com.testng.jenkins.test1.test1"/>
  <testcase name="mytestone" time="0.023" classname="com.testng.jenkins.test1.test2"/>
</testsuite> <!-- Regression Testing -->
