<?xml version="1.0" encoding="UTF-8"?>
<testng-results skipped="0" failed="0" ignored="0" total="4" passed="4">
  <reporter-output>
  </reporter-output>
  <suite name="Test Suite" duration-ms="62" started-at="2017-08-08T23:17:15Z" finished-at="2017-08-08T23:17:15Z">
    <groups>
    </groups>
    <test name="Regression Testing" duration-ms="62" started-at="2017-08-08T23:17:15Z" finished-at="2017-08-08T23:17:15Z">
      <class name="testCollection.TestApp">
        <test-method status="PASS" signature="beforetest()[pri:0, instance:testCollection.TestApp@7ac7a4e4]" name="beforetest" is-config="true" duration-ms="12" started-at="2017-08-08T19:17:15Z" finished-at="2017-08-08T19:17:15Z">
          <reporter-output>
          </reporter-output>
        </test-method> <!-- beforetest -->
        <test-method status="PASS" signature="beforetest()[pri:0, instance:testCollection.TestOrder@548b7f67]" name="beforetest" is-config="true" duration-ms="1" started-at="2017-08-08T19:17:15Z" finished-at="2017-08-08T19:17:15Z">
          <reporter-output>
          </reporter-output>
        </test-method> <!-- beforetest -->
        <test-method status="PASS" signature="mytestone()[pri:0, instance:testCollection.TestApp@7ac7a4e4]" name="mytestone" duration-ms="8" started-at="2017-08-08T19:17:15Z" finished-at="2017-08-08T19:17:15Z">
          <reporter-output>
          </reporter-output>
        </test-method> <!-- mytestone -->
        <test-method status="PASS" signature="mytesttwo()[pri:0, instance:testCollection.TestApp@7ac7a4e4]" name="mytesttwo" duration-ms="2" started-at="2017-08-08T19:17:15Z" finished-at="2017-08-08T19:17:15Z">
          <reporter-output>
          </reporter-output>
        </test-method> <!-- mytesttwo -->
        <test-method status="PASS" signature="aftertest()[pri:0, instance:testCollection.TestOrder@548b7f67]" name="aftertest" is-config="true" duration-ms="0" started-at="2017-08-08T19:17:15Z" finished-at="2017-08-08T19:17:15Z">
          <reporter-output>
          </reporter-output>
        </test-method> <!-- aftertest -->
        <test-method status="PASS" signature="aftertest()[pri:0, instance:testCollection.TestApp@7ac7a4e4]" name="aftertest" is-config="true" duration-ms="0" started-at="2017-08-08T19:17:15Z" finished-at="2017-08-08T19:17:15Z">
          <reporter-output>
          </reporter-output>
        </test-method> <!-- aftertest -->
      </class> <!-- testCollection.TestApp -->
      <class name="testCollection.TestOrder">
        <test-method status="PASS" signature="mytesttwo()[pri:1, instance:testCollection.TestOrder@548b7f67]" name="mytesttwo" duration-ms="2" started-at="2017-08-08T19:17:15Z" finished-at="2017-08-08T19:17:15Z">
          <reporter-output>
          </reporter-output>
        </test-method> <!-- mytesttwo -->
        <test-method status="PASS" signature="mytestone()[pri:2, instance:testCollection.TestOrder@548b7f67]" name="mytestone" duration-ms="2" started-at="2017-08-08T19:17:15Z" finished-at="2017-08-08T19:17:15Z">
          <reporter-output>
          </reporter-output>
        </test-method> <!-- mytestone -->
      </class> <!-- testCollection.TestOrder -->
    </test> <!-- Regression Testing -->
  </suite> <!-- Test Suite -->
</testng-results>
