<?xml version="1.0" encoding="UTF-8"?>
<testng-results skipped="0" failed="0" ignored="0" total="4" passed="4">
  <reporter-output>
  </reporter-output>
  <suite name="Test Suite" duration-ms="89" started-at="2017-08-20T16:53:22Z" finished-at="2017-08-20T16:53:22Z">
    <groups>
    </groups>
    <test name="Regression Testing" duration-ms="89" started-at="2017-08-20T16:53:22Z" finished-at="2017-08-20T16:53:22Z">
      <class name="com.testng.jenkins.test1.test2">
        <test-method status="PASS" signature="mytesttwo()[pri:1, instance:com.testng.jenkins.test1.test2@4439f31e]" name="mytesttwo" duration-ms="2" started-at="2017-08-20T12:53:22Z" finished-at="2017-08-20T12:53:22Z">
          <reporter-output>
          </reporter-output>
        </test-method> <!-- mytesttwo -->
        <test-method status="PASS" signature="mytestone()[pri:2, instance:com.testng.jenkins.test1.test2@4439f31e]" name="mytestone" duration-ms="2" started-at="2017-08-20T12:53:22Z" finished-at="2017-08-20T12:53:22Z">
          <reporter-output>
          </reporter-output>
        </test-method> <!-- mytestone -->
      </class> <!-- com.testng.jenkins.test1.test2 -->
      <class name="com.testng.jenkins.test1.test1">
        <test-method status="PASS" signature="beforetest()[pri:0, instance:com.testng.jenkins.test1.test1@215be6bb]" name="beforetest" is-config="true" duration-ms="15" started-at="2017-08-20T12:53:22Z" finished-at="2017-08-20T12:53:22Z">
          <reporter-output>
          </reporter-output>
        </test-method> <!-- beforetest -->
        <test-method status="PASS" signature="beforetest()[pri:0, instance:com.testng.jenkins.test1.test2@4439f31e]" name="beforetest" is-config="true" duration-ms="1" started-at="2017-08-20T12:53:22Z" finished-at="2017-08-20T12:53:22Z">
          <reporter-output>
          </reporter-output>
        </test-method> <!-- beforetest -->
        <test-method status="PASS" signature="mytesttwo()[pri:1, instance:com.testng.jenkins.test1.test1@215be6bb]" name="mytesttwo" duration-ms="10" started-at="2017-08-20T12:53:22Z" finished-at="2017-08-20T12:53:22Z">
          <reporter-output>
          </reporter-output>
        </test-method> <!-- mytesttwo -->
        <test-method status="PASS" signature="mytestone()[pri:2, instance:com.testng.jenkins.test1.test1@215be6bb]" name="mytestone" duration-ms="9" started-at="2017-08-20T12:53:22Z" finished-at="2017-08-20T12:53:22Z">
          <reporter-output>
          </reporter-output>
        </test-method> <!-- mytestone -->
        <test-method status="PASS" signature="aftertest()[pri:0, instance:com.testng.jenkins.test1.test1@215be6bb]" name="aftertest" is-config="true" duration-ms="1" started-at="2017-08-20T12:53:22Z" finished-at="2017-08-20T12:53:22Z">
          <reporter-output>
          </reporter-output>
        </test-method> <!-- aftertest -->
        <test-method status="PASS" signature="aftertest()[pri:0, instance:com.testng.jenkins.test1.test2@4439f31e]" name="aftertest" is-config="true" duration-ms="0" started-at="2017-08-20T12:53:22Z" finished-at="2017-08-20T12:53:22Z">
          <reporter-output>
          </reporter-output>
        </test-method> <!-- aftertest -->
      </class> <!-- com.testng.jenkins.test1.test1 -->
    </test> <!-- Regression Testing -->
  </suite> <!-- Test Suite -->
</testng-results>
