<?xml version="1.0" encoding="UTF-8"?>
<!-- Generated by org.testng.reporters.JUnitXMLReporter -->
<testsuite hostname="Paulie.local" ignored="0" name="Regression Testing" tests="4" failures="0" timestamp="08 Aug 2017 23:17:16 GMT" time="0.062" errors="0">
  <testcase name="mytestone" time="0.008" classname="testCollection.TestApp"/>
  <testcase name="mytesttwo" time="0.002" classname="testCollection.TestApp"/>
  <testcase name="mytesttwo" time="0.002" classname="testCollection.TestOrder"/>
  <testcase name="mytestone" time="0.002" classname="testCollection.TestOrder"/>
</testsuite> <!-- Regression Testing -->
