<?xml version="1.0" encoding="UTF-8"?>
<!-- Generated by org.testng.reporters.JUnitXMLReporter -->
<testsuite hostname="Paulie.local" name="My Test" tests="4" failures="0" timestamp="27 Aug 2017 15:46:30 GMT" time="0.111" errors="0">
  <testcase name="mytestone" time="0.014" classname="pack1.TestA"/>
  <testcase name="mytesttwo" time="0.009" classname="pack1.TestA"/>
  <testcase name="mytesttwo" time="0.003" classname="pack1.TestB"/>
  <testcase name="mytestone" time="0.004" classname="pack1.TestB"/>
</testsuite> <!-- My Test -->
