<?xml version="1.0" encoding="UTF-8"?>
<testng-results skipped="0" failed="0" total="4" passed="4">
  <reporter-output>
  </reporter-output>
  <suite name="regressiontest" duration-ms="111" started-at="2017-08-27T15:46:30Z" finished-at="2017-08-27T15:46:30Z">
    <groups>
    </groups>
    <test name="My Test" duration-ms="111" started-at="2017-08-27T15:46:30Z" finished-at="2017-08-27T15:46:30Z">
      <class name="pack1.TestB">
        <test-method status="PASS" signature="mytesttwo()[pri:1, instance:pack1.TestB@4de8b406]" name="mytesttwo" duration-ms="3" started-at="2017-08-27T11:46:30Z" finished-at="2017-08-27T11:46:30Z">
          <reporter-output>
          </reporter-output>
        </test-method> <!-- mytesttwo -->
        <test-method status="PASS" signature="mytestone()[pri:2, instance:pack1.TestB@4de8b406]" name="mytestone" duration-ms="4" started-at="2017-08-27T11:46:30Z" finished-at="2017-08-27T11:46:30Z">
          <reporter-output>
          </reporter-output>
        </test-method> <!-- mytestone -->
      </class> <!-- pack1.TestB -->
      <class name="pack1.TestA">
        <test-method status="PASS" signature="beforetest()[pri:0, instance:pack1.TestA@6a2bcfcb]" name="beforetest" is-config="true" duration-ms="18" started-at="2017-08-27T11:46:30Z" finished-at="2017-08-27T11:46:30Z">
          <reporter-output>
          </reporter-output>
        </test-method> <!-- beforetest -->
        <test-method status="PASS" signature="beforetest()[pri:0, instance:pack1.TestB@4de8b406]" name="beforetest" is-config="true" duration-ms="0" started-at="2017-08-27T11:46:30Z" finished-at="2017-08-27T11:46:30Z">
          <reporter-output>
          </reporter-output>
        </test-method> <!-- beforetest -->
        <test-method status="PASS" signature="mytestone()[pri:0, instance:pack1.TestA@6a2bcfcb]" name="mytestone" duration-ms="14" started-at="2017-08-27T11:46:30Z" finished-at="2017-08-27T11:46:30Z">
          <reporter-output>
          </reporter-output>
        </test-method> <!-- mytestone -->
        <test-method status="PASS" signature="mytesttwo()[pri:0, instance:pack1.TestA@6a2bcfcb]" name="mytesttwo" duration-ms="9" started-at="2017-08-27T11:46:30Z" finished-at="2017-08-27T11:46:30Z">
          <reporter-output>
          </reporter-output>
        </test-method> <!-- mytesttwo -->
        <test-method status="PASS" signature="aftertest()[pri:0, instance:pack1.TestA@6a2bcfcb]" name="aftertest" is-config="true" duration-ms="5" started-at="2017-08-27T11:46:30Z" finished-at="2017-08-27T11:46:30Z">
          <reporter-output>
          </reporter-output>
        </test-method> <!-- aftertest -->
        <test-method status="PASS" signature="aftertest()[pri:0, instance:pack1.TestB@4de8b406]" name="aftertest" is-config="true" duration-ms="3" started-at="2017-08-27T11:46:30Z" finished-at="2017-08-27T11:46:30Z">
          <reporter-output>
          </reporter-output>
        </test-method> <!-- aftertest -->
      </class> <!-- pack1.TestA -->
    </test> <!-- My Test -->
  </suite> <!-- regressiontest -->
</testng-results>
