<?xml version="1.0" encoding="UTF-8"?>
<!-- Generated by org.testng.reporters.JUnitXMLReporter -->
<testsuite hostname="Paulie.local" ignored="0" name="Regression Testing" tests="4" failures="0" timestamp="20 Aug 2017 19:12:50 GMT" time="0.058" errors="0">
  <testcase name="mytesttwo" time="0.003" classname="com.testng.jenkins.test1.test1"/>
  <testcase name="mytesttwo" time="0.001" classname="com.testng.jenkins.test1.test2"/>
  <testcase name="mytestone" time="0.0" classname="com.testng.jenkins.test1.test1"/>
  <testcase name="mytestone" time="0.001" classname="com.testng.jenkins.test1.test2"/>
</testsuite> <!-- Regression Testing -->
