<?xml version="1.0" encoding="UTF-8"?>
<!-- Generated by org.testng.reporters.JUnitXMLReporter -->
<testsuite hostname="Paulie.home" ignored="0" name="Regression Testing" tests="4" failures="0" timestamp="16 Aug 2017 01:44:31 GMT" time="0.064" errors="0">
  <testcase name="mytesttwo" time="0.002" classname="com.testng.jenkins.test1.test1"/>
  <testcase name="mytesttwo" time="0.0" classname="com.testng.jenkins.test1.test2"/>
  <testcase name="mytestone" time="0.001" classname="com.testng.jenkins.test1.test1"/>
  <testcase name="mytestone" time="0.0" classname="com.testng.jenkins.test1.test2"/>
</testsuite> <!-- Regression Testing -->
