<?xml version="1.0" encoding="UTF-8"?>
<testng-results skipped="0" failed="0" ignored="0" total="4" passed="4">
  <reporter-output>
  </reporter-output>
  <suite name="Test Suite" duration-ms="64" started-at="2017-08-16T01:44:31Z" finished-at="2017-08-16T01:44:31Z">
    <groups>
    </groups>
    <test name="Regression Testing" duration-ms="64" started-at="2017-08-16T01:44:31Z" finished-at="2017-08-16T01:44:31Z">
      <class name="com.testng.jenkins.test1.test2">
        <test-method status="PASS" signature="mytesttwo()[pri:1, instance:com.testng.jenkins.test1.test2@5a39699c]" name="mytesttwo" duration-ms="0" started-at="2017-08-15T21:44:31Z" finished-at="2017-08-15T21:44:31Z">
          <reporter-output>
          </reporter-output>
        </test-method> <!-- mytesttwo -->
        <test-method status="PASS" signature="mytestone()[pri:2, instance:com.testng.jenkins.test1.test2@5a39699c]" name="mytestone" duration-ms="0" started-at="2017-08-15T21:44:31Z" finished-at="2017-08-15T21:44:31Z">
          <reporter-output>
          </reporter-output>
        </test-method> <!-- mytestone -->
      </class> <!-- com.testng.jenkins.test1.test2 -->
      <class name="com.testng.jenkins.test1.test1">
        <test-method status="PASS" signature="beforetest()[pri:0, instance:com.testng.jenkins.test1.test1@2c8d66b2]" name="beforetest" is-config="true" duration-ms="17" started-at="2017-08-15T21:44:31Z" finished-at="2017-08-15T21:44:31Z">
          <reporter-output>
          </reporter-output>
        </test-method> <!-- beforetest -->
        <test-method status="PASS" signature="beforetest()[pri:0, instance:com.testng.jenkins.test1.test2@5a39699c]" name="beforetest" is-config="true" duration-ms="0" started-at="2017-08-15T21:44:31Z" finished-at="2017-08-15T21:44:31Z">
          <reporter-output>
          </reporter-output>
        </test-method> <!-- beforetest -->
        <test-method status="PASS" signature="mytesttwo()[pri:1, instance:com.testng.jenkins.test1.test1@2c8d66b2]" name="mytesttwo" duration-ms="2" started-at="2017-08-15T21:44:31Z" finished-at="2017-08-15T21:44:31Z">
          <reporter-output>
          </reporter-output>
        </test-method> <!-- mytesttwo -->
        <test-method status="PASS" signature="mytestone()[pri:2, instance:com.testng.jenkins.test1.test1@2c8d66b2]" name="mytestone" duration-ms="1" started-at="2017-08-15T21:44:31Z" finished-at="2017-08-15T21:44:31Z">
          <reporter-output>
          </reporter-output>
        </test-method> <!-- mytestone -->
        <test-method status="PASS" signature="aftertest()[pri:0, instance:com.testng.jenkins.test1.test2@5a39699c]" name="aftertest" is-config="true" duration-ms="0" started-at="2017-08-15T21:44:31Z" finished-at="2017-08-15T21:44:31Z">
          <reporter-output>
          </reporter-output>
        </test-method> <!-- aftertest -->
        <test-method status="PASS" signature="aftertest()[pri:0, instance:com.testng.jenkins.test1.test1@2c8d66b2]" name="aftertest" is-config="true" duration-ms="0" started-at="2017-08-15T21:44:31Z" finished-at="2017-08-15T21:44:31Z">
          <reporter-output>
          </reporter-output>
        </test-method> <!-- aftertest -->
      </class> <!-- com.testng.jenkins.test1.test1 -->
    </test> <!-- Regression Testing -->
  </suite> <!-- Test Suite -->
</testng-results>
